<?xml version="1.0" encoding="UTF-8"?>
<!-- Generated by org.testng.reporters.JUnitXMLReporter -->
<testsuite ignored="0" hostname="TeamOs-PC" failures="1" tests="15" name="MainTestNGFile" time="123.727" errors="0" timestamp="2023-08-19T11:53:43 BDT">
  <testcase classname="com.e_commerce.testcases.LoginTestCase" name="@BeforeMethod setup" time="2.917">
    <failure type="org.openqa.selenium.SessionNotCreatedException" message="Could not start a new session. Response code 500. Message: session not created
from no such execution context: uniqueContextId not found
  (Session info: chrome=116.0.5845.96) 
Host info: host: &amp;apos;TEAMOS-PC&amp;apos;, ip: &amp;apos;192.168.0.137&amp;apos;
Build info: version: &amp;apos;4.11.0&amp;apos;, revision: &amp;apos;040bc5406b&amp;apos;
System info: os.name: &amp;apos;Windows 10&amp;apos;, os.arch: &amp;apos;amd64&amp;apos;, os.version: &amp;apos;10.0&amp;apos;, java.version: &amp;apos;19.0.1&amp;apos;
Driver info: org.openqa.selenium.chrome.ChromeDriver
Command: [null, newSession {capabilities=[Capabilities {browserName: chrome, goog:chromeOptions: {args: [], binary: C:\Program Files (x86)\Goog..., extensions: []}}]}]">
      <![CDATA[org.openqa.selenium.SessionNotCreatedException: Could not start a new session. Response code 500. Message: session not created
from no such execution context: uniqueContextId not found
  (Session info: chrome=116.0.5845.96) 
Host info: host: 'TEAMOS-PC', ip: '192.168.0.137'
Build info: version: '4.11.0', revision: '040bc5406b'
System info: os.name: 'Windows 10', os.arch: 'amd64', os.version: '10.0', java.version: '19.0.1'
Driver info: org.openqa.selenium.chrome.ChromeDriver
Command: [null, newSession {capabilities=[Capabilities {browserName: chrome, goog:chromeOptions: {args: [], binary: C:\Program Files (x86)\Goog..., extensions: []}}]}]
at org.openqa.selenium.remote.ProtocolHandshake.createSession(ProtocolHandshake.java:140)
at org.openqa.selenium.remote.ProtocolHandshake.createSession(ProtocolHandshake.java:96)
at org.openqa.selenium.remote.ProtocolHandshake.createSession(ProtocolHandshake.java:68)
at org.openqa.selenium.remote.HttpCommandExecutor.execute(HttpCommandExecutor.java:163)
at org.openqa.selenium.remote.service.DriverCommandExecutor.invokeExecute(DriverCommandExecutor.java:196)
at org.openqa.selenium.remote.service.DriverCommandExecutor.execute(DriverCommandExecutor.java:171)
at org.openqa.selenium.remote.RemoteWebDriver.execute(RemoteWebDriver.java:518)
at org.openqa.selenium.remote.RemoteWebDriver.startSession(RemoteWebDriver.java:232)
at org.openqa.selenium.remote.RemoteWebDriver.<init>(RemoteWebDriver.java:159)
at org.openqa.selenium.chromium.ChromiumDriver.<init>(ChromiumDriver.java:108)
at org.openqa.selenium.chrome.ChromeDriver.<init>(ChromeDriver.java:88)
at org.openqa.selenium.chrome.ChromeDriver.<init>(ChromeDriver.java:83)
at org.openqa.selenium.chrome.ChromeDriver.<init>(ChromeDriver.java:51)
at BasePackage.BaseClass.intilizeBrowserAndOpenApplicationURL(BaseClass.java:49)
at com.e_commerce.testcases.LoginTestCase.setup(LoginTestCase.java:26)
at java.base/java.util.ArrayList.forEach(ArrayList.java:1511)
... Removed 29 stack frames]]>
    </failure>
  </testcase> <!-- @BeforeMethod setup -->
  <testcase classname="com.e_commerce.testcases.LoginTestCase" name="@AfterMethod teardown" time="0.0">
    <skipped/>
  </testcase> <!-- @AfterMethod teardown -->
  <testcase classname="com.e_commerce.testcases.LoginTestCase" name="@BeforeMethod setup" time="0.0">
    <skipped/>
  </testcase> <!-- @BeforeMethod setup -->
  <testcase classname="com.e_commerce.testcases.LoginTestCase" name="@AfterMethod teardown" time="0.0">
    <skipped/>
  </testcase> <!-- @AfterMethod teardown -->
  <testcase classname="com.e_commerce.testcases.LoginTestCase" name="@BeforeMethod setup" time="0.0">
    <skipped/>
  </testcase> <!-- @BeforeMethod setup -->
  <testcase classname="com.e_commerce.testcases.LoginTestCase" name="@AfterMethod teardown" time="0.0">
    <skipped/>
  </testcase> <!-- @AfterMethod teardown -->
  <testcase classname="com.e_commerce.testcases.LoginTestCase" name="@BeforeMethod setup" time="0.0">
    <skipped/>
  </testcase> <!-- @BeforeMethod setup -->
  <testcase classname="com.e_commerce.testcases.LoginTestCase" name="@AfterMethod teardown" time="0.0">
    <skipped/>
  </testcase> <!-- @AfterMethod teardown -->
  <testcase classname="com.e_commerce.testcases.LoginTestCase" name="@BeforeMethod setup" time="0.0">
    <skipped/>
  </testcase> <!-- @BeforeMethod setup -->
  <testcase classname="com.e_commerce.testcases.LoginTestCase" name="@AfterMethod teardown" time="0.0">
    <skipped/>
  </testcase> <!-- @AfterMethod teardown -->
  <testcase classname="com.e_commerce.testcases.LoginTestCase" name="@BeforeMethod setup" time="0.0">
    <skipped/>
  </testcase> <!-- @BeforeMethod setup -->
  <testcase classname="com.e_commerce.testcases.LoginTestCase" name="@AfterMethod teardown" time="0.0">
    <skipped/>
  </testcase> <!-- @AfterMethod teardown -->
  <testcase classname="com.e_commerce.testcases.LoginTestCase" name="@BeforeMethod setup" time="0.0">
    <skipped/>
  </testcase> <!-- @BeforeMethod setup -->
  <testcase classname="com.e_commerce.testcases.LoginTestCase" name="@AfterMethod teardown" time="0.0">
    <skipped/>
  </testcase> <!-- @AfterMethod teardown -->
  <testcase classname="com.e_commerce.testcases.RegistrationTestCase" name="FillingUpTheAllRequiredFieldsWithValidValue" time="2.49"/>
  <testcase classname="com.e_commerce.testcases.RegistrationTestCase" name="FillingUpTheAllFieldsWithValidValue" time="2.414"/>
  <testcase classname="com.e_commerce.testcases.RegistrationTestCase" name="verifyTheRegistrarWithExistingEmail" time="1.959"/>
  <testcase classname="com.e_commerce.testcases.RegistrationTestCase" name="VerifyallRequiredFieldsWithoutFillingUpTheFields" time="0.784"/>
  <testcase classname="com.e_commerce.testcases.RegistrationTestCase" name="VerifyConfirmPasswordByFillingAllFieldsWithoutThisfield" time="2.217"/>
  <testcase classname="com.e_commerce.testcases.LoginTestCase" name="LoginWithValidCredentials" time="0.0">
    <skipped/>
  </testcase> <!-- LoginWithValidCredentials -->
  <testcase classname="com.e_commerce.testcases.LoginTestCase" name="LoginWithValidCredentialsUsingDataProviderFromExcelFile" time="0.0">
    <skipped/>
  </testcase> <!-- LoginWithValidCredentialsUsingDataProviderFromExcelFile -->
  <testcase classname="com.e_commerce.testcases.LoginTestCase" name="LoginWithValidCredentialsUsingDataProviderFromExcelFile" time="0.0">
    <skipped/>
  </testcase> <!-- LoginWithValidCredentialsUsingDataProviderFromExcelFile -->
  <testcase classname="com.e_commerce.testcases.LoginTestCase" name="LoginWithInValidCredentials" time="0.0">
    <skipped/>
  </testcase> <!-- LoginWithInValidCredentials -->
  <testcase classname="com.e_commerce.testcases.LoginTestCase" name="LoginWithValidUsernameInvalidpassword" time="0.0">
    <skipped/>
  </testcase> <!-- LoginWithValidUsernameInvalidpassword -->
  <testcase classname="com.e_commerce.testcases.LoginTestCase" name="LoginWithInValidUsernameValidpassword" time="0.001">
    <skipped/>
  </testcase> <!-- LoginWithInValidUsernameValidpassword -->
  <testcase classname="com.e_commerce.testcases.LoginTestCase" name="LoginWithoutProvidingCredentials" time="0.0">
    <skipped/>
  </testcase> <!-- LoginWithoutProvidingCredentials -->
  <testcase classname="com.e_commerce.testcases.SearchTestCase" name="verifySearchWithValidProduct" time="1.141"/>
  <testcase classname="com.e_commerce.testcases.SearchTestCase" name="verifySearchWithInValidProduct" time="0.845">
    <failure type="java.lang.AssertionError" message="Test should be failed for searching expected [There is no product that matches the searching criteria.] but found [There is no product that matches the search criteria.]">
      <![CDATA[java.lang.AssertionError: Test should be failed for searching expected [There is no product that matches the searching criteria.] but found [There is no product that matches the search criteria.]
at com.e_commerce.testcases.SearchTestCase.verifySearchWithInValidProduct(SearchTestCase.java:55)
at java.base/java.util.ArrayList.forEach(ArrayList.java:1511)
... Removed 30 stack frames]]>
    </failure>
  </testcase> <!-- verifySearchWithInValidProduct -->
  <testcase classname="com.e_commerce.testcases.SearchTestCase" name="VerifySearchFieldWithoutInputtingvalue" time="0.0">
    <skipped/>
  </testcase> <!-- VerifySearchFieldWithoutInputtingvalue -->
</testsuite> <!-- MainTestNGFile -->
